<?xml version="1.0" encoding="UTF-8"?>
<!-- Generated by org.testng.reporters.JUnitReportReporter -->
<testsuite hostname="mc-s104436.local" name="main.java.test.smpMainTest.iOSLiveSimulcastPlayback" tests="8" failures="0" timestamp="2 Apr 2017 11:55:28 GMT" time="199.021" errors="1">
  <testcase name="turnWifiOff" time="30.387" classname="main.java.test.smpMainTest.iOSLiveSimulcastPlayback"/>
  <testcase name="PlaybackRotation" time="42.955" classname="main.java.test.smpMainTest.iOSLiveSimulcastPlayback"/>
  <testcase name="playback_ErrorMessage" time="21.313" classname="main.java.test.smpMainTest.iOSLiveSimulcastPlayback"/>
  <testcase name="OpenAvtest" time="9.902" classname="main.java.test.smpMainTest.iOSLiveSimulcastPlayback"/>
  <testcase name="PlaybackStart" time="9.615" classname="main.java.test.smpMainTest.iOSLiveSimulcastPlayback"/>
  <testcase name="ClosePlayback" time="1.445" classname="main.java.test.smpMainTest.iOSLiveSimulcastPlayback">
    <error type="org.openqa.selenium.NoSuchElementException" message="Can&#039;t locate an element by this strategy: Locator map: 
- native content: &quot;By.xpath: //UIAApplication[1]/UIAWindow[2]/UIAButton[1]&quot; 
- html content: &quot;by id or name &quot;playback_close&quot;&quot;
For documentation on this error, please visit: http://seleniumhq.org/exceptions/no_such_element.html
Build info: version: &#039;2.51.0&#039;, revision: &#039;1af067d&#039;, time: &#039;2016-02-05 19:15:17&#039;
System info: host: &#039;mc-s104436.local&#039;, ip: &#039;192.168.2.11&#039;, os.name: &#039;Mac OS X&#039;, os.arch: &#039;x86_64&#039;, os.version: &#039;10.11.6&#039;, java.version: &#039;1.8.0_102&#039;
Driver info: driver.version: unknown">
      <![CDATA[org.openqa.selenium.NoSuchElementException: Can't locate an element by this strategy: Locator map: 
- native content: "By.xpath: //UIAApplication[1]/UIAWindow[2]/UIAButton[1]" 
- html content: "by id or name "playback_close""
For documentation on this error, please visit: http://seleniumhq.org/exceptions/no_such_element.html
Build info: version: '2.51.0', revision: '1af067d', time: '2016-02-05 19:15:17'
System info: host: 'mc-s104436.local', ip: '192.168.2.11', os.name: 'Mac OS X', os.arch: 'x86_64', os.version: '10.11.6', java.version: '1.8.0_102'
Driver info: driver.version: unknown
	at io.appium.java_client.pagefactory.AppiumElementLocator.findElement(AppiumElementLocator.java:110)
	at io.appium.java_client.pagefactory.interceptors.InterceptorOfASingleElement.intercept(InterceptorOfASingleElement.java:57)
	at io.appium.java_client.ios.IOSElement$$EnhancerByCGLIB$$3213bdc.click(<generated>)
	at main.java.test.smpMainTest.iOSLiveSimulcastPlayback.ClosePlayback(iOSLiveSimulcastPlayback.java:229)
	at sun.reflect.NativeMethodAccessorImpl.invoke0(Native Method)
	at sun.reflect.NativeMethodAccessorImpl.invoke(NativeMethodAccessorImpl.java:62)
	at sun.reflect.DelegatingMethodAccessorImpl.invoke(DelegatingMethodAccessorImpl.java:43)
	at java.lang.reflect.Method.invoke(Method.java:498)
	at org.testng.internal.MethodInvocationHelper.invokeMethod(MethodInvocationHelper.java:85)
	at org.testng.internal.Invoker.invokeMethod(Invoker.java:639)
	at org.testng.internal.Invoker.invokeTestMethod(Invoker.java:816)
	at org.testng.internal.Invoker.invokeTestMethods(Invoker.java:1124)
	at org.testng.internal.TestMethodWorker.invokeTestMethods(TestMethodWorker.java:125)
	at org.testng.internal.TestMethodWorker.run(TestMethodWorker.java:108)
	at org.testng.TestRunner.privateRun(TestRunner.java:774)
	at org.testng.TestRunner.run(TestRunner.java:624)
	at org.testng.SuiteRunner.runTest(SuiteRunner.java:359)
	at org.testng.SuiteRunner.runSequentially(SuiteRunner.java:354)
	at org.testng.SuiteRunner.privateRun(SuiteRunner.java:312)
	at org.testng.SuiteRunner.run(SuiteRunner.java:261)
	at org.testng.SuiteRunnerWorker.runSuite(SuiteRunnerWorker.java:52)
	at org.testng.SuiteRunnerWorker.run(SuiteRunnerWorker.java:86)
	at org.testng.TestNG.runSuitesSequentially(TestNG.java:1215)
	at org.testng.TestNG.runSuitesLocally(TestNG.java:1140)
	at org.testng.TestNG.run(TestNG.java:1048)
	at org.testng.remote.AbstractRemoteTestNG.run(AbstractRemoteTestNG.java:132)
	at org.testng.remote.RemoteTestNG.initAndRun(RemoteTestNG.java:236)
	at org.testng.remote.RemoteTestNG.main(RemoteTestNG.java:81)
]]>
    </error>
  </testcase> <!-- ClosePlayback -->
  <testcase name="TurnWiFi_ON" time="60.305" classname="main.java.test.smpMainTest.iOSLiveSimulcastPlayback"/>
  <testcase name="StopPlayback" time="23.099" classname="main.java.test.smpMainTest.iOSLiveSimulcastPlayback"/>
</testsuite> <!-- main.java.test.smpMainTest.iOSLiveSimulcastPlayback -->
