<?xml version="1.0" encoding="UTF-8"?>
<!-- Generated by org.testng.reporters.JUnitReportReporter -->
<testsuite hostname="mc-s104436.local" name="main.java.test.smpMainTest.SMPiOSOnDemand_VideoPlayback" tests="7" failures="0" timestamp="31 May 2017 10:36:14 GMT" time="66.220" errors="4">
  <testcase name="OpenAvtest" time="12.235" classname="main.java.test.smpMainTest.SMPiOSOnDemand_VideoPlayback"/>
  <testcase name="OnDemand_PlaybackStart" time="11.783" classname="main.java.test.smpMainTest.SMPiOSOnDemand_VideoPlayback"/>
  <testcase name="TurnWiFi_ON" time="0.000" classname="main.java.test.smpMainTest.SMPiOSOnDemand_VideoPlayback">
    <error type="java.lang.Throwable" message="Method SMPiOSOnDemand_VideoPlayback.TurnWiFi_ON()[pri:0, instance:main.java.test.smpMainTest.SMPiOSOnDemand_VideoPlayback@49993335] depends on not successfully finished methods">
      <![CDATA[java.lang.Throwable: Method SMPiOSOnDemand_VideoPlayback.TurnWiFi_ON()[pri:0, instance:main.java.test.smpMainTest.SMPiOSOnDemand_VideoPlayback@49993335] depends on not successfully finished methods
	at org.testng.internal.Invoker.invokeTestMethods(Invoker.java:1033)
	at org.testng.internal.TestMethodWorker.invokeTestMethods(TestMethodWorker.java:125)
	at org.testng.internal.TestMethodWorker.run(TestMethodWorker.java:108)
	at org.testng.TestRunner.privateRun(TestRunner.java:774)
	at org.testng.TestRunner.run(TestRunner.java:624)
	at org.testng.SuiteRunner.runTest(SuiteRunner.java:359)
	at org.testng.SuiteRunner.runSequentially(SuiteRunner.java:354)
	at org.testng.SuiteRunner.privateRun(SuiteRunner.java:312)
	at org.testng.SuiteRunner.run(SuiteRunner.java:261)
	at org.testng.SuiteRunnerWorker.runSuite(SuiteRunnerWorker.java:52)
	at org.testng.SuiteRunnerWorker.run(SuiteRunnerWorker.java:86)
	at org.testng.TestNG.runSuitesSequentially(TestNG.java:1215)
	at org.testng.TestNG.runSuitesLocally(TestNG.java:1140)
	at org.testng.TestNG.run(TestNG.java:1048)
	at org.testng.remote.AbstractRemoteTestNG.run(AbstractRemoteTestNG.java:132)
	at org.testng.remote.RemoteTestNG.initAndRun(RemoteTestNG.java:236)
	at org.testng.remote.RemoteTestNG.main(RemoteTestNG.java:81)
]]>
    </error>
  </testcase> <!-- TurnWiFi_ON -->
  <testcase name="ClosePlayback" time="0.000" classname="main.java.test.smpMainTest.SMPiOSOnDemand_VideoPlayback">
    <error type="java.lang.Throwable" message="Method SMPiOSOnDemand_VideoPlayback.ClosePlayback()[pri:0, instance:main.java.test.smpMainTest.SMPiOSOnDemand_VideoPlayback@49993335] depends on not successfully finished methods">
      <![CDATA[java.lang.Throwable: Method SMPiOSOnDemand_VideoPlayback.ClosePlayback()[pri:0, instance:main.java.test.smpMainTest.SMPiOSOnDemand_VideoPlayback@49993335] depends on not successfully finished methods
	at org.testng.internal.Invoker.invokeTestMethods(Invoker.java:1033)
	at org.testng.internal.TestMethodWorker.invokeTestMethods(TestMethodWorker.java:125)
	at org.testng.internal.TestMethodWorker.run(TestMethodWorker.java:108)
	at org.testng.TestRunner.privateRun(TestRunner.java:774)
	at org.testng.TestRunner.run(TestRunner.java:624)
	at org.testng.SuiteRunner.runTest(SuiteRunner.java:359)
	at org.testng.SuiteRunner.runSequentially(SuiteRunner.java:354)
	at org.testng.SuiteRunner.privateRun(SuiteRunner.java:312)
	at org.testng.SuiteRunner.run(SuiteRunner.java:261)
	at org.testng.SuiteRunnerWorker.runSuite(SuiteRunnerWorker.java:52)
	at org.testng.SuiteRunnerWorker.run(SuiteRunnerWorker.java:86)
	at org.testng.TestNG.runSuitesSequentially(TestNG.java:1215)
	at org.testng.TestNG.runSuitesLocally(TestNG.java:1140)
	at org.testng.TestNG.run(TestNG.java:1048)
	at org.testng.remote.AbstractRemoteTestNG.run(AbstractRemoteTestNG.java:132)
	at org.testng.remote.RemoteTestNG.initAndRun(RemoteTestNG.java:236)
	at org.testng.remote.RemoteTestNG.main(RemoteTestNG.java:81)
]]>
    </error>
  </testcase> <!-- ClosePlayback -->
  <testcase name="Turn_WiFiOff" time="26.473" classname="main.java.test.smpMainTest.SMPiOSOnDemand_VideoPlayback"/>
  <testcase name="OnDemand_PlaybackStop" time="0.000" classname="main.java.test.smpMainTest.SMPiOSOnDemand_VideoPlayback">
    <error type="java.lang.Throwable" message="Method SMPiOSOnDemand_VideoPlayback.OnDemand_PlaybackStop()[pri:0, instance:main.java.test.smpMainTest.SMPiOSOnDemand_VideoPlayback@49993335] depends on not successfully finished methods">
      <![CDATA[java.lang.Throwable: Method SMPiOSOnDemand_VideoPlayback.OnDemand_PlaybackStop()[pri:0, instance:main.java.test.smpMainTest.SMPiOSOnDemand_VideoPlayback@49993335] depends on not successfully finished methods
	at org.testng.internal.Invoker.invokeTestMethods(Invoker.java:1033)
	at org.testng.internal.TestMethodWorker.invokeTestMethods(TestMethodWorker.java:125)
	at org.testng.internal.TestMethodWorker.run(TestMethodWorker.java:108)
	at org.testng.TestRunner.privateRun(TestRunner.java:774)
	at org.testng.TestRunner.run(TestRunner.java:624)
	at org.testng.SuiteRunner.runTest(SuiteRunner.java:359)
	at org.testng.SuiteRunner.runSequentially(SuiteRunner.java:354)
	at org.testng.SuiteRunner.privateRun(SuiteRunner.java:312)
	at org.testng.SuiteRunner.run(SuiteRunner.java:261)
	at org.testng.SuiteRunnerWorker.runSuite(SuiteRunnerWorker.java:52)
	at org.testng.SuiteRunnerWorker.run(SuiteRunnerWorker.java:86)
	at org.testng.TestNG.runSuitesSequentially(TestNG.java:1215)
	at org.testng.TestNG.runSuitesLocally(TestNG.java:1140)
	at org.testng.TestNG.run(TestNG.java:1048)
	at org.testng.remote.AbstractRemoteTestNG.run(AbstractRemoteTestNG.java:132)
	at org.testng.remote.RemoteTestNG.initAndRun(RemoteTestNG.java:236)
	at org.testng.remote.RemoteTestNG.main(RemoteTestNG.java:81)
]]>
    </error>
  </testcase> <!-- OnDemand_PlaybackStop -->
  <testcase name="playback_ErrorMessage" time="15.729" classname="main.java.test.smpMainTest.SMPiOSOnDemand_VideoPlayback">
    <error type="org.openqa.selenium.NoSuchElementException" message="An element could not be located on the page using the given search parameters. (WARNING: The server did not provide any stacktrace information)
Command duration or timeout: 15.73 seconds
For documentation on this error, please visit: http://seleniumhq.org/exceptions/no_such_element.html
Build info: version: &#039;2.51.0&#039;, revision: &#039;1af067d&#039;, time: &#039;2016-02-05 19:15:17&#039;
System info: host: &#039;mc-s104436.local&#039;, ip: &#039;10.10.4.107&#039;, os.name: &#039;Mac OS X&#039;, os.arch: &#039;x86_64&#039;, os.version: &#039;10.11.6&#039;, java.version: &#039;1.8.0_102&#039;
Driver info: io.appium.java_client.ios.IOSDriver
Capabilities [{app=/Users/ramakh01/Desktop/AvTestHarness/iOSApp/AVTestHarness.ipa, networkConnectionEnabled=false, appiumVersion=1.6.4, databaseEnabled=false, deviceName=ipadmini, platform=MAC, wdaLocalPort=8100, wdaLaunchTimeout=3000, platformVersion=10.2.1, webStorageEnabled=false, locationContextEnabled=false, automationName=XCUITest, useNewWDA=true, browserName=, takesScreenshot=true, javascriptEnabled=true, udid=dfe87d2ae7f9224c360572bafd81eb37498ac128, platformName=iOS, autoAcceptAlerts=false}]
Session ID: 67b66155-ca09-440d-bc3e-2ef1b9b775b4
*** Element info: {Using=accessibility id, value=Dismiss}">
      <![CDATA[org.openqa.selenium.NoSuchElementException: An element could not be located on the page using the given search parameters. (WARNING: The server did not provide any stacktrace information)
Command duration or timeout: 15.73 seconds
For documentation on this error, please visit: http://seleniumhq.org/exceptions/no_such_element.html
Build info: version: '2.51.0', revision: '1af067d', time: '2016-02-05 19:15:17'
System info: host: 'mc-s104436.local', ip: '10.10.4.107', os.name: 'Mac OS X', os.arch: 'x86_64', os.version: '10.11.6', java.version: '1.8.0_102'
Driver info: io.appium.java_client.ios.IOSDriver
Capabilities [{app=/Users/ramakh01/Desktop/AvTestHarness/iOSApp/AVTestHarness.ipa, networkConnectionEnabled=false, appiumVersion=1.6.4, databaseEnabled=false, deviceName=ipadmini, platform=MAC, wdaLocalPort=8100, wdaLaunchTimeout=3000, platformVersion=10.2.1, webStorageEnabled=false, locationContextEnabled=false, automationName=XCUITest, useNewWDA=true, browserName=, takesScreenshot=true, javascriptEnabled=true, udid=dfe87d2ae7f9224c360572bafd81eb37498ac128, platformName=iOS, autoAcceptAlerts=false}]
Session ID: 67b66155-ca09-440d-bc3e-2ef1b9b775b4
*** Element info: {Using=accessibility id, value=Dismiss}
	at sun.reflect.NativeConstructorAccessorImpl.newInstance0(Native Method)
	at sun.reflect.NativeConstructorAccessorImpl.newInstance(NativeConstructorAccessorImpl.java:62)
	at sun.reflect.DelegatingConstructorAccessorImpl.newInstance(DelegatingConstructorAccessorImpl.java:45)
	at java.lang.reflect.Constructor.newInstance(Constructor.java:423)
	at org.openqa.selenium.remote.ErrorHandler.createThrowable(ErrorHandler.java:206)
	at org.openqa.selenium.remote.ErrorHandler.throwIfResponseFailed(ErrorHandler.java:158)
	at org.openqa.selenium.remote.RemoteWebDriver.execute(RemoteWebDriver.java:678)
	at io.appium.java_client.DefaultGenericMobileDriver.execute(DefaultGenericMobileDriver.java:40)
	at io.appium.java_client.AppiumDriver.execute(AppiumDriver.java:1)
	at io.appium.java_client.ios.IOSDriver.execute(IOSDriver.java:1)
	at org.openqa.selenium.remote.RemoteWebDriver.findElement(RemoteWebDriver.java:363)
	at io.appium.java_client.DefaultGenericMobileDriver.findElement(DefaultGenericMobileDriver.java:56)
	at io.appium.java_client.AppiumDriver.findElement(AppiumDriver.java:1)
	at io.appium.java_client.ios.IOSDriver.findElement(IOSDriver.java:1)
	at io.appium.java_client.DefaultGenericMobileDriver.findElementByAccessibilityId(DefaultGenericMobileDriver.java:145)
	at io.appium.java_client.AppiumDriver.findElementByAccessibilityId(AppiumDriver.java:1)
	at io.appium.java_client.ios.IOSDriver.findElementByAccessibilityId(IOSDriver.java:1)
	at main.java.test.smpMainTest.SMPiOSOnDemand_VideoPlayback.playback_ErrorMessage(SMPiOSOnDemand_VideoPlayback.java:170)
	at sun.reflect.NativeMethodAccessorImpl.invoke0(Native Method)
	at sun.reflect.NativeMethodAccessorImpl.invoke(NativeMethodAccessorImpl.java:62)
	at sun.reflect.DelegatingMethodAccessorImpl.invoke(DelegatingMethodAccessorImpl.java:43)
	at java.lang.reflect.Method.invoke(Method.java:498)
	at org.testng.internal.MethodInvocationHelper.invokeMethod(MethodInvocationHelper.java:85)
	at org.testng.internal.Invoker.invokeMethod(Invoker.java:639)
	at org.testng.internal.Invoker.invokeTestMethod(Invoker.java:816)
	at org.testng.internal.Invoker.invokeTestMethods(Invoker.java:1124)
	at org.testng.internal.TestMethodWorker.invokeTestMethods(TestMethodWorker.java:125)
	at org.testng.internal.TestMethodWorker.run(TestMethodWorker.java:108)
	at org.testng.TestRunner.privateRun(TestRunner.java:774)
	at org.testng.TestRunner.run(TestRunner.java:624)
	at org.testng.SuiteRunner.runTest(SuiteRunner.java:359)
	at org.testng.SuiteRunner.runSequentially(SuiteRunner.java:354)
	at org.testng.SuiteRunner.privateRun(SuiteRunner.java:312)
	at org.testng.SuiteRunner.run(SuiteRunner.java:261)
	at org.testng.SuiteRunnerWorker.runSuite(SuiteRunnerWorker.java:52)
	at org.testng.SuiteRunnerWorker.run(SuiteRunnerWorker.java:86)
	at org.testng.TestNG.runSuitesSequentially(TestNG.java:1215)
	at org.testng.TestNG.runSuitesLocally(TestNG.java:1140)
	at org.testng.TestNG.run(TestNG.java:1048)
	at org.testng.remote.AbstractRemoteTestNG.run(AbstractRemoteTestNG.java:132)
	at org.testng.remote.RemoteTestNG.initAndRun(RemoteTestNG.java:236)
	at org.testng.remote.RemoteTestNG.main(RemoteTestNG.java:81)
]]>
    </error>
  </testcase> <!-- playback_ErrorMessage -->
</testsuite> <!-- main.java.test.smpMainTest.SMPiOSOnDemand_VideoPlayback -->
