<?xml version="1.0" encoding="UTF-8"?>
<!-- Generated by org.testng.reporters.JUnitXMLReporter -->
<testsuite hostname="mc-s104436.local" name="GalaxyS6" tests="10" failures="1" timestamp="12 Jul 2017 13:16:25 GMT" time="281.143" errors="0">
  <testcase name="Open_DRMApp" time="18.993" classname="main.java.test.DRMMainTests.AndroidDRMTest"/>
  <testcase name="deleteQueued" time="81.395" classname="main.java.test.DRMMainTests.AndroidDRMTest"/>
  <testcase name="Vpid_Download" time="28.483" classname="main.java.test.DRMMainTests.AndroidDRMTest"/>
  <testcase name="Addingto_Queue" time="29.225" classname="main.java.test.DRMMainTests.AndroidDRMTest"/>
  <testcase name="Download_Pause" time="11.119" classname="main.java.test.DRMMainTests.AndroidDRMTest"/>
  <testcase name="Download_Resume" time="56.628" classname="main.java.test.DRMMainTests.AndroidDRMTest"/>
  <testcase name="Downloads_Complete" time="21.929" classname="main.java.test.DRMMainTests.AndroidDRMTest">
    <failure type="org.openqa.selenium.NoSuchElementException" message="Can&amp;apos;t locate an element by this strategy: Locator map: 
- native content: &amp;quot;By.xpath: //android.widget.TextView[@text=&amp;apos;In Progress&amp;apos;]&amp;quot; 
- html content: &amp;quot;by id or name &amp;quot;download_progress&amp;quot;&amp;quot;
For documentation on this error, please visit: http://seleniumhq.org/exceptions/no_such_element.html
Build info: version: &amp;apos;2.51.0&amp;apos;, revision: &amp;apos;1af067d&amp;apos;, time: &amp;apos;2016-02-05 19:15:17&amp;apos;
System info: host: &amp;apos;mc-s104436.local&amp;apos;, ip: &amp;apos;10.10.1.10&amp;apos;, os.name: &amp;apos;Mac OS X&amp;apos;, os.arch: &amp;apos;x86_64&amp;apos;, os.version: &amp;apos;10.11.6&amp;apos;, java.version: &amp;apos;1.8.0_102&amp;apos;
Driver info: driver.version: unknown">
      <![CDATA[org.openqa.selenium.NoSuchElementException: Can't locate an element by this strategy: Locator map: 
- native content: "By.xpath: //android.widget.TextView[@text='In Progress']" 
- html content: "by id or name "download_progress""
For documentation on this error, please visit: http://seleniumhq.org/exceptions/no_such_element.html
Build info: version: '2.51.0', revision: '1af067d', time: '2016-02-05 19:15:17'
System info: host: 'mc-s104436.local', ip: '10.10.1.10', os.name: 'Mac OS X', os.arch: 'x86_64', os.version: '10.11.6', java.version: '1.8.0_102'
Driver info: driver.version: unknown
	at io.appium.java_client.pagefactory.AppiumElementLocator.findElement(AppiumElementLocator.java:110)
	at io.appium.java_client.pagefactory.interceptors.InterceptorOfASingleElement.intercept(InterceptorOfASingleElement.java:57)
	at io.appium.java_client.android.AndroidElement$$EnhancerByCGLIB$$7c56f31.getText(<generated>)
	at main.java.test.DRMMainTests.AndroidDRMTest.Downloads_Complete(AndroidDRMTest.java:406)
... Removed 24 stack frames]]>
    </failure>
  </testcase> <!-- Downloads_Complete -->
  <testcase name="Downloaded_VideoPlayback_Offline" time="0.0" classname="main.java.test.DRMMainTests.AndroidDRMTest">
    <skipped/>
  </testcase> <!-- Downloaded_VideoPlayback_Offline -->
  <testcase name="Downloaded_AudioPlayback_Offline" time="0.0" classname="main.java.test.DRMMainTests.AndroidDRMTest">
    <skipped/>
  </testcase> <!-- Downloaded_AudioPlayback_Offline -->
  <testcase name="delete_Downloaded" time="0.0" classname="main.java.test.DRMMainTests.AndroidDRMTest">
    <skipped/>
  </testcase> <!-- delete_Downloaded -->
</testsuite> <!-- GalaxyS6 -->
