<?xml version="1.0" encoding="UTF-8"?>
<!-- Generated by org.testng.reporters.JUnitXMLReporter -->
<testsuite hostname="mc-s104436.local" name="Default test" tests="7" failures="1" timestamp="31 May 2017 10:57:04 GMT" time="47.332" errors="0">
  <testcase name="openDRMApp" time="0.999" classname="main.java.test.DRMMainTests.iOSDRMTest"/>
  <testcase name="vpid_Download" time="20.792" classname="main.java.test.DRMMainTests.iOSDRMTest">
    <failure type="org.openqa.selenium.NoSuchElementException" message="Can&amp;apos;t locate an element by this strategy: Locator map: 
- native content: &amp;quot;By.xpath: //UIAApplication[1]/UIAWindow[1]/UIANavigationBar[1]/UIAButton[3]&amp;quot; 
- html content: &amp;quot;by id or name &amp;quot;addDownload_Button&amp;quot;&amp;quot;
For documentation on this error, please visit: http://seleniumhq.org/exceptions/no_such_element.html
Build info: version: &amp;apos;2.51.0&amp;apos;, revision: &amp;apos;1af067d&amp;apos;, time: &amp;apos;2016-02-05 19:15:17&amp;apos;
System info: host: &amp;apos;mc-s104436.local&amp;apos;, ip: &amp;apos;10.10.4.107&amp;apos;, os.name: &amp;apos;Mac OS X&amp;apos;, os.arch: &amp;apos;x86_64&amp;apos;, os.version: &amp;apos;10.11.6&amp;apos;, java.version: &amp;apos;1.8.0_102&amp;apos;
Driver info: driver.version: unknown">
      <![CDATA[org.openqa.selenium.NoSuchElementException: Can't locate an element by this strategy: Locator map: 
- native content: "By.xpath: //UIAApplication[1]/UIAWindow[1]/UIANavigationBar[1]/UIAButton[3]" 
- html content: "by id or name "addDownload_Button""
For documentation on this error, please visit: http://seleniumhq.org/exceptions/no_such_element.html
Build info: version: '2.51.0', revision: '1af067d', time: '2016-02-05 19:15:17'
System info: host: 'mc-s104436.local', ip: '10.10.4.107', os.name: 'Mac OS X', os.arch: 'x86_64', os.version: '10.11.6', java.version: '1.8.0_102'
Driver info: driver.version: unknown
	at io.appium.java_client.pagefactory.AppiumElementLocator.findElement(AppiumElementLocator.java:110)
	at io.appium.java_client.pagefactory.interceptors.InterceptorOfASingleElement.intercept(InterceptorOfASingleElement.java:57)
	at io.appium.java_client.ios.IOSElement$$EnhancerByCGLIB$$cc1e10c5.click(<generated>)
	at main.java.test.DRMMainTests.iOSDRMTest.vpid_Download(iOSDRMTest.java:159)
	at sun.reflect.NativeMethodAccessorImpl.invoke0(Native Method)
	at sun.reflect.NativeMethodAccessorImpl.invoke(NativeMethodAccessorImpl.java:62)
	at sun.reflect.DelegatingMethodAccessorImpl.invoke(DelegatingMethodAccessorImpl.java:43)
	at java.lang.reflect.Method.invoke(Method.java:498)
	at org.testng.internal.MethodInvocationHelper.invokeMethod(MethodInvocationHelper.java:85)
	at org.testng.internal.Invoker.invokeMethod(Invoker.java:639)
	at org.testng.internal.Invoker.invokeTestMethod(Invoker.java:816)
	at org.testng.internal.Invoker.invokeTestMethods(Invoker.java:1124)
	at org.testng.internal.TestMethodWorker.invokeTestMethods(TestMethodWorker.java:125)
	at org.testng.internal.TestMethodWorker.run(TestMethodWorker.java:108)
	at org.testng.TestRunner.privateRun(TestRunner.java:774)
	at org.testng.TestRunner.run(TestRunner.java:624)
	at org.testng.SuiteRunner.runTest(SuiteRunner.java:359)
	at org.testng.SuiteRunner.runSequentially(SuiteRunner.java:354)
	at org.testng.SuiteRunner.privateRun(SuiteRunner.java:312)
	at org.testng.SuiteRunner.run(SuiteRunner.java:261)
	at org.testng.SuiteRunnerWorker.runSuite(SuiteRunnerWorker.java:52)
	at org.testng.SuiteRunnerWorker.run(SuiteRunnerWorker.java:86)
	at org.testng.TestNG.runSuitesSequentially(TestNG.java:1215)
	at org.testng.TestNG.runSuitesLocally(TestNG.java:1140)
	at org.testng.TestNG.run(TestNG.java:1048)
	at org.testng.remote.AbstractRemoteTestNG.run(AbstractRemoteTestNG.java:132)
	at org.testng.remote.RemoteTestNG.initAndRun(RemoteTestNG.java:236)
	at org.testng.remote.RemoteTestNG.main(RemoteTestNG.java:81)
]]>
    </failure>
  </testcase> <!-- vpid_Download -->
  <testcase name="check_Vpid" time="0.0" classname="main.java.test.DRMMainTests.iOSDRMTest">
    <skipped/>
  </testcase> <!-- check_Vpid -->
  <testcase name="DownloadProgress" time="0.0" classname="main.java.test.DRMMainTests.iOSDRMTest">
    <skipped/>
  </testcase> <!-- DownloadProgress -->
  <testcase name="downloads_VPIDS_Completed" time="0.0" classname="main.java.test.DRMMainTests.iOSDRMTest">
    <skipped/>
  </testcase> <!-- downloads_VPIDS_Completed -->
  <testcase name="Playbackoffline" time="0.0" classname="main.java.test.DRMMainTests.iOSDRMTest">
    <skipped/>
  </testcase> <!-- Playbackoffline -->
  <testcase name="Delete_Downloaded" time="0.0" classname="main.java.test.DRMMainTests.iOSDRMTest">
    <skipped/>
  </testcase> <!-- Delete_Downloaded -->
</testsuite> <!-- Default test -->
