<!DOCTYPE html PUBLIC "-//W3C//DTD XHTML 1.1//EN" "http://www.w3.org/TR/xhtml11/DTD/xhtml11.dtd">
<<<<<<< HEAD
<html xmlns="http://www.w3.org/1999/xhtml"><head><title>TestNG Report</title><style type="text/css">table {margin-bottom:10px;border-collapse:collapse;empty-cells:show}th,td {border:1px solid #009;padding:.25em .5em}th {vertical-align:bottom}td {vertical-align:top}table a {font-weight:bold}.stripe td {background-color: #E6EBF9}.num {text-align:right}.passedodd td {background-color: #3F3}.passedeven td {background-color: #0A0}.skippedodd td {background-color: #DDD}.skippedeven td {background-color: #CCC}.failedodd td,.attn {background-color: #F33}.failedeven td,.stripe .attn {background-color: #D00}.stacktrace {white-space:pre;font-family:monospace}.totop {font-size:85%;text-align:center;border-bottom:2px solid #000}</style></head><body><table><tr><th>Test</th><th># Passed</th><th># Skipped</th><th># Failed</th><th>Time (ms)</th><th>Included Groups</th><th>Excluded Groups</th></tr><tr><th colspan="7">Suite</th></tr><tr><td><a href="#t0">Test</a></td><td class="num">4</td><td class="num attn">5</td><td class="num attn">1</td><td class="num">158,982</td><td></td><td></td></tr></table><table><thead><tr><th>Class</th><th>Method</th><th>Start</th><th>Time (ms)</th></tr></thead><tbody><tr><th colspan="4">Suite</th></tr></tbody><tbody id="t0"><tr><th colspan="4">Test &#8212; failed</th></tr><tr class="failedeven"><td rowspan="1">main.java.test.DRMMainTests.AndroidDRMTest</td><td><a href="#m0">Download_Pause</a></td><td rowspan="1">1499437164537</td><td rowspan="1">9450</td></tr><tr><th colspan="4">Test &#8212; skipped</th></tr><tr class="skippedeven"><td rowspan="5">main.java.test.DRMMainTests.AndroidDRMTest</td><td><a href="#m1">Download_Resume</a></td><td rowspan="1">1499437174623</td><td rowspan="1">0</td></tr><tr class="skippedeven"><td><a href="#m2">Downloaded_AudioPlayback_Offline</a></td><td rowspan="1">1499437174627</td><td rowspan="1">0</td></tr><tr class="skippedeven"><td><a href="#m3">Downloaded_VideoPlayback_Offline</a></td><td rowspan="1">1499437174625</td><td rowspan="1">1</td></tr><tr class="skippedeven"><td><a href="#m4">Downloads_Complete</a></td><td rowspan="1">1499437174624</td><td rowspan="1">0</td></tr><tr class="skippedeven"><td><a href="#m5">delete_Downloaded</a></td><td rowspan="1">1499437174628</td><td rowspan="1">0</td></tr><tr><th colspan="4">Test &#8212; passed</th></tr><tr class="passedeven"><td rowspan="4">main.java.test.DRMMainTests.AndroidDRMTest</td><td><a href="#m6">Addingto_Queue</a></td><td rowspan="1">1499437146425</td><td rowspan="1">18110</td></tr><tr class="passedeven"><td><a href="#m7">Open_DRMApp</a></td><td rowspan="1">1499437043954</td><td rowspan="1">18966</td></tr><tr class="passedeven"><td><a href="#m8">Vpid_Download</a></td><td rowspan="1">1499437125940</td><td rowspan="1">20483</td></tr><tr class="passedeven"><td><a href="#m9">deleteQueued</a></td><td rowspan="1">1499437062923</td><td rowspan="1">63016</td></tr></tbody></table><h2>Test</h2><h3 id="m0">main.java.test.DRMMainTests.AndroidDRMTest#Download_Pause</h3><table class="result"><tr><th>Exception</th></tr><tr><td><div class="stacktrace">org.openqa.selenium.NoSuchElementException: Can&apos;t locate an element by this strategy: Locator map: 
- native content: &quot;By.xpath: //android.widget.TextView[@text=&apos;Paused&apos;]&quot; 
- html content: &quot;by id or name &quot;download_paused&quot;&quot;
For documentation on this error, please visit: http://seleniumhq.org/exceptions/no_such_element.html
Build info: version: &apos;2.51.0&apos;, revision: &apos;1af067d&apos;, time: &apos;2016-02-05 19:15:17&apos;
System info: host: &apos;mc-s104436.local&apos;, ip: &apos;10.10.3.204&apos;, os.name: &apos;Mac OS X&apos;, os.arch: &apos;x86_64&apos;, os.version: &apos;10.11.6&apos;, java.version: &apos;1.8.0_102&apos;
Driver info: driver.version: unknown
	at io.appium.java_client.pagefactory.AppiumElementLocator.findElement(AppiumElementLocator.java:110)
	at io.appium.java_client.pagefactory.interceptors.InterceptorOfASingleElement.intercept(InterceptorOfASingleElement.java:57)
	at io.appium.java_client.android.AndroidElement$$EnhancerByCGLIB$$1cfb2d03.getText(&lt;generated&gt;)
	at main.java.test.DRMMainTests.AndroidDRMTest.Download_Pause(AndroidDRMTest.java:334)
... Removed 24 stack frames</div></td></tr></table><p class="totop"><a href="#summary">back to summary</a></p><h3 id="m1">main.java.test.DRMMainTests.AndroidDRMTest#Download_Resume</h3><table class="result"><tr><th>Exception</th></tr><tr><td><div class="stacktrace">java.lang.Throwable: Method AndroidDRMTest.Download_Resume()[pri:0, instance:main.java.test.DRMMainTests.AndroidDRMTest@4973813a] depends on not successfully finished methods
... Removed 17 stack frames</div></td></tr></table><p class="totop"><a href="#summary">back to summary</a></p><h3 id="m2">main.java.test.DRMMainTests.AndroidDRMTest#Downloaded_AudioPlayback_Offline</h3><table class="result"><tr><th>Exception</th></tr><tr><td><div class="stacktrace">java.lang.Throwable: Method AndroidDRMTest.Downloaded_AudioPlayback_Offline()[pri:0, instance:main.java.test.DRMMainTests.AndroidDRMTest@4973813a] depends on not successfully finished methods
... Removed 17 stack frames</div></td></tr></table><p class="totop"><a href="#summary">back to summary</a></p><h3 id="m3">main.java.test.DRMMainTests.AndroidDRMTest#Downloaded_VideoPlayback_Offline</h3><table class="result"><tr><th>Exception</th></tr><tr><td><div class="stacktrace">java.lang.Throwable: Method AndroidDRMTest.Downloaded_VideoPlayback_Offline()[pri:0, instance:main.java.test.DRMMainTests.AndroidDRMTest@4973813a] depends on not successfully finished methods
... Removed 17 stack frames</div></td></tr></table><p class="totop"><a href="#summary">back to summary</a></p><h3 id="m4">main.java.test.DRMMainTests.AndroidDRMTest#Downloads_Complete</h3><table class="result"><tr><th>Exception</th></tr><tr><td><div class="stacktrace">java.lang.Throwable: Method AndroidDRMTest.Downloads_Complete(java.lang.String)[pri:0, instance:main.java.test.DRMMainTests.AndroidDRMTest@4973813a] depends on not successfully finished methods
... Removed 17 stack frames</div></td></tr></table><p class="totop"><a href="#summary">back to summary</a></p><h3 id="m5">main.java.test.DRMMainTests.AndroidDRMTest#delete_Downloaded</h3><table class="result"><tr><th>Exception</th></tr><tr><td><div class="stacktrace">java.lang.Throwable: Method AndroidDRMTest.delete_Downloaded()[pri:0, instance:main.java.test.DRMMainTests.AndroidDRMTest@4973813a] depends on not successfully finished methods
... Removed 17 stack frames</div></td></tr></table><p class="totop"><a href="#summary">back to summary</a></p><h3 id="m6">main.java.test.DRMMainTests.AndroidDRMTest#Addingto_Queue</h3><table class="result"></table><p class="totop"><a href="#summary">back to summary</a></p><h3 id="m7">main.java.test.DRMMainTests.AndroidDRMTest#Open_DRMApp</h3><table class="result"><tr class="param"><th>Parameter #1</th><th>Parameter #2</th><th>Parameter #3</th><th>Parameter #4</th><th>Parameter #5</th></tr><tr class="param stripe"><td>1115fbd9e7622a04</td><td>6.0.1</td><td>4745</td><td>Mobile</td><td>Note4</td></tr></table><p class="totop"><a href="#summary">back to summary</a></p><h3 id="m8">main.java.test.DRMMainTests.AndroidDRMTest#Vpid_Download</h3><table class="result"><tr class="param"><th>Parameter #1</th></tr><tr class="param stripe"><td>Mobile</td></tr></table><p class="totop"><a href="#summary">back to summary</a></p><h3 id="m9">main.java.test.DRMMainTests.AndroidDRMTest#deleteQueued</h3><table class="result"><tr class="param"><th>Parameter #1</th></tr><tr class="param stripe"><td>Mobile</td></tr></table><p class="totop"><a href="#summary">back to summary</a></p></body></html>
=======
<html xmlns="http://www.w3.org/1999/xhtml"><head><title>TestNG Report</title><style type="text/css">table {margin-bottom:10px;border-collapse:collapse;empty-cells:show}th,td {border:1px solid #009;padding:.25em .5em}th {vertical-align:bottom}td {vertical-align:top}table a {font-weight:bold}.stripe td {background-color: #E6EBF9}.num {text-align:right}.passedodd td {background-color: #3F3}.passedeven td {background-color: #0A0}.skippedodd td {background-color: #DDD}.skippedeven td {background-color: #CCC}.failedodd td,.attn {background-color: #F33}.failedeven td,.stripe .attn {background-color: #D00}.stacktrace {white-space:pre;font-family:monospace}.totop {font-size:85%;text-align:center;border-bottom:2px solid #000}</style></head><body><table><tr><th>Test</th><th># Passed</th><th># Skipped</th><th># Failed</th><th>Time (ms)</th><th>Included Groups</th><th>Excluded Groups</th></tr><tr><th colspan="7">Default suite</th></tr><tr><td><a href="#t0">Default test</a></td><td class="num">2</td><td class="num attn">4</td><td class="num attn">1</td><td class="num">39,575</td><td></td><td></td></tr></table><table><thead><tr><th>Class</th><th>Method</th><th>Start</th><th>Time (ms)</th></tr></thead><tbody><tr><th colspan="4">Default suite</th></tr></tbody><tbody id="t0"><tr><th colspan="4">Default test &#8212; failed</th></tr><tr class="failedeven"><td rowspan="1">main.java.test.smpMainTest.iOSOnDemand_VideoPlayback</td><td><a href="#m0">turn_WiFiOff</a></td><td rowspan="1">1495546003741</td><td rowspan="1">8190</td></tr><tr><th colspan="4">Default test &#8212; skipped</th></tr><tr class="skippedeven"><td rowspan="4">main.java.test.smpMainTest.iOSOnDemand_VideoPlayback</td><td><a href="#m1">OnDemand_PlaybackPause</a></td><td rowspan="1">1495546011936</td><td rowspan="1">0</td></tr><tr class="skippedeven"><td><a href="#m2">TurnWiFi_ON</a></td><td rowspan="1">1495546011935</td><td rowspan="1">0</td></tr><tr class="skippedeven"><td><a href="#m3">playback_ErrorMessage</a></td><td rowspan="1">1495546011934</td><td rowspan="1">0</td></tr><tr class="skippedeven"><td><a href="#m4">playbackseeking</a></td><td rowspan="1">1495546011937</td><td rowspan="1">0</td></tr><tr><th colspan="4">Default test &#8212; passed</th></tr><tr class="passedeven"><td rowspan="2">main.java.test.smpMainTest.iOSOnDemand_VideoPlayback</td><td><a href="#m5">OnDemand_PlaybackStart</a></td><td rowspan="1">1495546001903</td><td rowspan="1">1837</td></tr><tr class="passedeven"><td><a href="#m6">OpenAvtest</a></td><td rowspan="1">1495545999706</td><td rowspan="1">2195</td></tr></tbody></table><h2>Default test</h2><h3 id="m0">main.java.test.smpMainTest.iOSOnDemand_VideoPlayback#turn_WiFiOff</h3><table class="result"><tr><th>Exception</th></tr><tr><td><div class="stacktrace">org.openqa.selenium.NoSuchElementException: Can&apos;t locate an element by this strategy: Locator map: 
- native content: &quot;By.xpath: //UIAApplication[1]/UIAWindow[7]/UIAScrollView[1]/UIAElement[2]&quot; 
- html content: &quot;by id or name &quot;wifi_mode&quot;&quot;
For documentation on this error, please visit: http://seleniumhq.org/exceptions/no_such_element.html
Build info: version: &apos;2.51.0&apos;, revision: &apos;1af067d&apos;, time: &apos;2016-02-05 19:15:17&apos;
System info: host: &apos;mc-s104436.local&apos;, ip: &apos;10.10.3.198&apos;, os.name: &apos;Mac OS X&apos;, os.arch: &apos;x86_64&apos;, os.version: &apos;10.11.6&apos;, java.version: &apos;1.8.0_102&apos;
Driver info: driver.version: unknown
	at io.appium.java_client.pagefactory.AppiumElementLocator.findElement(AppiumElementLocator.java:110)
	at io.appium.java_client.pagefactory.interceptors.InterceptorOfASingleElement.intercept(InterceptorOfASingleElement.java:57)
	at io.appium.java_client.ios.IOSElement$$EnhancerByCGLIB$$e2bfe04d.getText(&lt;generated&gt;)
	at main.java.test.smpFunctions.iOSCommonFunctions.turnWifiON(iOSCommonFunctions.java:191)
	at main.java.test.smpMainTest.iOSOnDemand_VideoPlayback.turn_WiFiOff(iOSOnDemand_VideoPlayback.java:157)
	at sun.reflect.NativeMethodAccessorImpl.invoke0(Native Method)
	at sun.reflect.NativeMethodAccessorImpl.invoke(NativeMethodAccessorImpl.java:62)
	at sun.reflect.DelegatingMethodAccessorImpl.invoke(DelegatingMethodAccessorImpl.java:43)
	at java.lang.reflect.Method.invoke(Method.java:498)
	at org.testng.internal.MethodInvocationHelper.invokeMethod(MethodInvocationHelper.java:85)
	at org.testng.internal.Invoker.invokeMethod(Invoker.java:639)
	at org.testng.internal.Invoker.invokeTestMethod(Invoker.java:816)
	at org.testng.internal.Invoker.invokeTestMethods(Invoker.java:1124)
	at org.testng.internal.TestMethodWorker.invokeTestMethods(TestMethodWorker.java:125)
	at org.testng.internal.TestMethodWorker.run(TestMethodWorker.java:108)
	at org.testng.TestRunner.privateRun(TestRunner.java:774)
	at org.testng.TestRunner.run(TestRunner.java:624)
	at org.testng.SuiteRunner.runTest(SuiteRunner.java:359)
	at org.testng.SuiteRunner.runSequentially(SuiteRunner.java:354)
	at org.testng.SuiteRunner.privateRun(SuiteRunner.java:312)
	at org.testng.SuiteRunner.run(SuiteRunner.java:261)
	at org.testng.SuiteRunnerWorker.runSuite(SuiteRunnerWorker.java:52)
	at org.testng.SuiteRunnerWorker.run(SuiteRunnerWorker.java:86)
	at org.testng.TestNG.runSuitesSequentially(TestNG.java:1215)
	at org.testng.TestNG.runSuitesLocally(TestNG.java:1140)
	at org.testng.TestNG.run(TestNG.java:1048)
	at org.testng.remote.AbstractRemoteTestNG.run(AbstractRemoteTestNG.java:132)
	at org.testng.remote.RemoteTestNG.initAndRun(RemoteTestNG.java:236)
	at org.testng.remote.RemoteTestNG.main(RemoteTestNG.java:81)
</div></td></tr></table><p class="totop"><a href="#summary">back to summary</a></p><h3 id="m1">main.java.test.smpMainTest.iOSOnDemand_VideoPlayback#OnDemand_PlaybackPause</h3><table class="result"><tr><th>Exception</th></tr><tr><td><div class="stacktrace">java.lang.Throwable: Method iOSOnDemand_VideoPlayback.OnDemand_PlaybackPause()[pri:0, instance:main.java.test.smpMainTest.iOSOnDemand_VideoPlayback@2d928643] depends on not successfully finished methods
	at org.testng.internal.Invoker.invokeTestMethods(Invoker.java:1033)
	at org.testng.internal.TestMethodWorker.invokeTestMethods(TestMethodWorker.java:125)
	at org.testng.internal.TestMethodWorker.run(TestMethodWorker.java:108)
	at org.testng.TestRunner.privateRun(TestRunner.java:774)
	at org.testng.TestRunner.run(TestRunner.java:624)
	at org.testng.SuiteRunner.runTest(SuiteRunner.java:359)
	at org.testng.SuiteRunner.runSequentially(SuiteRunner.java:354)
	at org.testng.SuiteRunner.privateRun(SuiteRunner.java:312)
	at org.testng.SuiteRunner.run(SuiteRunner.java:261)
	at org.testng.SuiteRunnerWorker.runSuite(SuiteRunnerWorker.java:52)
	at org.testng.SuiteRunnerWorker.run(SuiteRunnerWorker.java:86)
	at org.testng.TestNG.runSuitesSequentially(TestNG.java:1215)
	at org.testng.TestNG.runSuitesLocally(TestNG.java:1140)
	at org.testng.TestNG.run(TestNG.java:1048)
	at org.testng.remote.AbstractRemoteTestNG.run(AbstractRemoteTestNG.java:132)
	at org.testng.remote.RemoteTestNG.initAndRun(RemoteTestNG.java:236)
	at org.testng.remote.RemoteTestNG.main(RemoteTestNG.java:81)
</div></td></tr></table><p class="totop"><a href="#summary">back to summary</a></p><h3 id="m2">main.java.test.smpMainTest.iOSOnDemand_VideoPlayback#TurnWiFi_ON</h3><table class="result"><tr><th>Exception</th></tr><tr><td><div class="stacktrace">java.lang.Throwable: Method iOSOnDemand_VideoPlayback.TurnWiFi_ON()[pri:0, instance:main.java.test.smpMainTest.iOSOnDemand_VideoPlayback@2d928643] depends on not successfully finished methods
	at org.testng.internal.Invoker.invokeTestMethods(Invoker.java:1033)
	at org.testng.internal.TestMethodWorker.invokeTestMethods(TestMethodWorker.java:125)
	at org.testng.internal.TestMethodWorker.run(TestMethodWorker.java:108)
	at org.testng.TestRunner.privateRun(TestRunner.java:774)
	at org.testng.TestRunner.run(TestRunner.java:624)
	at org.testng.SuiteRunner.runTest(SuiteRunner.java:359)
	at org.testng.SuiteRunner.runSequentially(SuiteRunner.java:354)
	at org.testng.SuiteRunner.privateRun(SuiteRunner.java:312)
	at org.testng.SuiteRunner.run(SuiteRunner.java:261)
	at org.testng.SuiteRunnerWorker.runSuite(SuiteRunnerWorker.java:52)
	at org.testng.SuiteRunnerWorker.run(SuiteRunnerWorker.java:86)
	at org.testng.TestNG.runSuitesSequentially(TestNG.java:1215)
	at org.testng.TestNG.runSuitesLocally(TestNG.java:1140)
	at org.testng.TestNG.run(TestNG.java:1048)
	at org.testng.remote.AbstractRemoteTestNG.run(AbstractRemoteTestNG.java:132)
	at org.testng.remote.RemoteTestNG.initAndRun(RemoteTestNG.java:236)
	at org.testng.remote.RemoteTestNG.main(RemoteTestNG.java:81)
</div></td></tr></table><p class="totop"><a href="#summary">back to summary</a></p><h3 id="m3">main.java.test.smpMainTest.iOSOnDemand_VideoPlayback#playback_ErrorMessage</h3><table class="result"><tr><th>Exception</th></tr><tr><td><div class="stacktrace">java.lang.Throwable: Method iOSOnDemand_VideoPlayback.playback_ErrorMessage()[pri:0, instance:main.java.test.smpMainTest.iOSOnDemand_VideoPlayback@2d928643] depends on not successfully finished methods
	at org.testng.internal.Invoker.invokeTestMethods(Invoker.java:1033)
	at org.testng.internal.TestMethodWorker.invokeTestMethods(TestMethodWorker.java:125)
	at org.testng.internal.TestMethodWorker.run(TestMethodWorker.java:108)
	at org.testng.TestRunner.privateRun(TestRunner.java:774)
	at org.testng.TestRunner.run(TestRunner.java:624)
	at org.testng.SuiteRunner.runTest(SuiteRunner.java:359)
	at org.testng.SuiteRunner.runSequentially(SuiteRunner.java:354)
	at org.testng.SuiteRunner.privateRun(SuiteRunner.java:312)
	at org.testng.SuiteRunner.run(SuiteRunner.java:261)
	at org.testng.SuiteRunnerWorker.runSuite(SuiteRunnerWorker.java:52)
	at org.testng.SuiteRunnerWorker.run(SuiteRunnerWorker.java:86)
	at org.testng.TestNG.runSuitesSequentially(TestNG.java:1215)
	at org.testng.TestNG.runSuitesLocally(TestNG.java:1140)
	at org.testng.TestNG.run(TestNG.java:1048)
	at org.testng.remote.AbstractRemoteTestNG.run(AbstractRemoteTestNG.java:132)
	at org.testng.remote.RemoteTestNG.initAndRun(RemoteTestNG.java:236)
	at org.testng.remote.RemoteTestNG.main(RemoteTestNG.java:81)
</div></td></tr></table><p class="totop"><a href="#summary">back to summary</a></p><h3 id="m4">main.java.test.smpMainTest.iOSOnDemand_VideoPlayback#playbackseeking</h3><table class="result"><tr><th>Exception</th></tr><tr><td><div class="stacktrace">java.lang.Throwable: Method iOSOnDemand_VideoPlayback.playbackseeking()[pri:0, instance:main.java.test.smpMainTest.iOSOnDemand_VideoPlayback@2d928643] depends on not successfully finished methods
	at org.testng.internal.Invoker.invokeTestMethods(Invoker.java:1033)
	at org.testng.internal.TestMethodWorker.invokeTestMethods(TestMethodWorker.java:125)
	at org.testng.internal.TestMethodWorker.run(TestMethodWorker.java:108)
	at org.testng.TestRunner.privateRun(TestRunner.java:774)
	at org.testng.TestRunner.run(TestRunner.java:624)
	at org.testng.SuiteRunner.runTest(SuiteRunner.java:359)
	at org.testng.SuiteRunner.runSequentially(SuiteRunner.java:354)
	at org.testng.SuiteRunner.privateRun(SuiteRunner.java:312)
	at org.testng.SuiteRunner.run(SuiteRunner.java:261)
	at org.testng.SuiteRunnerWorker.runSuite(SuiteRunnerWorker.java:52)
	at org.testng.SuiteRunnerWorker.run(SuiteRunnerWorker.java:86)
	at org.testng.TestNG.runSuitesSequentially(TestNG.java:1215)
	at org.testng.TestNG.runSuitesLocally(TestNG.java:1140)
	at org.testng.TestNG.run(TestNG.java:1048)
	at org.testng.remote.AbstractRemoteTestNG.run(AbstractRemoteTestNG.java:132)
	at org.testng.remote.RemoteTestNG.initAndRun(RemoteTestNG.java:236)
	at org.testng.remote.RemoteTestNG.main(RemoteTestNG.java:81)
</div></td></tr></table><p class="totop"><a href="#summary">back to summary</a></p><h3 id="m5">main.java.test.smpMainTest.iOSOnDemand_VideoPlayback#OnDemand_PlaybackStart</h3><table class="result"></table><p class="totop"><a href="#summary">back to summary</a></p><h3 id="m6">main.java.test.smpMainTest.iOSOnDemand_VideoPlayback#OpenAvtest</h3><table class="result"></table><p class="totop"><a href="#summary">back to summary</a></p></body></html>
>>>>>>> SMP-AN
